=~=~=~=~=~=~=~=~=~=~=~= PuTTY log 2019.03.19 17:33:44 =~=~=~=~=~=~=~=~=~=~=~=
`~```xxfxfxxxxf7~``````````xxfxfxxxxf7## Start: 19 ####################
21, 255
27, 255
28, 255
27, 255
26, 2
25, 36
24, 0
23, 2
22, 34
21, 250
20, 228
19, 2
18, 164
17, 6
16, 255
15, 192
14, 1
13, 0
12, 0
11, 0
10, 32
9, 0
8, 217
7, 5
6, 20
5, 0
4, 255
3, 3
2, 222
1, 191
## End #####################
## Start: 1 ####################
13, 255
25, 255
32, 2
37, 36
36, 0
35, 255
34, 7
33, 0
32, 0
31, 0
30, 0
29, 0
28, 0
27, 0
26, 0
25, 0
24, 0
23, 0
22, 0
21, 0
20, 0
19, 0
18, 0
17, 0
16, 0
15, 1
14, 0
13, 0
12, 0
11, 0
10, 0
9, 0
8, 0
7, 0
6, 0
5, 2
4, 0
3, 0
2, 0
1, 208
## End #####################
## Start: 1 ####################
13, 255
25, 255
31, 2
37, 36
36, 0
35, 255
34, 7
33, 0
32, 0
31, 0
30, 0
29, 0
28, 0
27, 0
26, 0
25, 0
24, 0
23, 0
22, 0
21, 0
20, 0
19, 0
18, 0
17, 0
16, 0
15, 1
14, 0
13, 0
12, 0
11, 0
10, 0
9, 0
8, 0
7, 0
6, 0
5, 2
4, 0
3, 0
2, 0
1, 208
## End #####################
## Start: 1 ####################
13, 255
24, 255
31, 2
36, 36
36, 0
35, 255
34, 7
33, 0
32, 0
31, 0
30, 0
29, 0
28, 0
27, 0
26, 0
25, 0
24, 0
23, 0
22, 0
21, 0
20, 0
19, 0
18, 0
17, 0
16, 0
15, 1
14, 0
13, 0
12, 0
11, 0
10, 0
9, 0
8, 0
7, 0
6, 0
5, 2
4, 0
3, 0
2, 0
1, 208
## End #####################
## Start: 1 ####################
12, 255
24, 255
31, 2
36, 36
36, 0
35, 255
34, 7
33, 0
32, 0
31, 0
30, 0
29, 0
28, 0
27, 0
26, 0
25, 0
24, 0
23, 0
22, 0
21, 0
20, 0
19, 0
18, 0
17, 0
16, 0
15, 1
14, 0
13, 0
12, 0
11, 0
10, 0
9, 0
8, 0
7, 0
6, 0
5, 2
4, 0
3, 0
2, 0
1, 208
## End #####################
## Start: 1 ####################
12, 255
24, 255
31, 2
36, 36
36, 0
35, 255
34, 7
33, 0
32, 0
31, 0
30, 0
29, 0
28, 0
27, 0
26, 0
25, 0
24, 0
23, 0
22, 0
21, 0
20, 0
19, 0
18, 0
17, 0
16, 0
15, 1
14, 0
13, 0
12, 0
11, 0
10, 0
9, 0
8, 0
7, 0
6, 0
5, 2
4, 0
3, 0
2, 0
1, 208
## End #####################
## Start: 1 ####################
12, 255
24, 255
31, 2
36, 36
36, 0
35, 255
34, 7
33, 0
32, 0
31, 0
30, 0
29, 0
28, 0
27, 0
26, 0
25, 0
24, 0
23, 0
22, 0
21, 0
20, 0
19, 0
18, 0
17, 0
16, 0
15, 1
14, 0
13, 0
12, 0
11, 0
10, 0
9, 0
8, 0
7, 0
6, 0
5, 2
4, 0
3, 0
2, 0
1, 208
## End #####################
## Start: 1 ####################
13, 255
25, 255
31, 2
37, 36
36, 0
35, 255
34, 7
33, 0
32, 0
31, 0
30, 0
29, 0
28, 0
27, 0
26, 0
25, 0
24, 0
23, 0
22, 0
21, 0
20, 0
19, 0
18, 0
17, 0
16, 0
15, 1
14, 0
13, 0
12, 0
11, 0
10, 0
9, 0
8, 0
7, 0
6, 0
5, 2
4, 0
3, 0
2, 0
1, 208
## End #####################
## Start: 1 ####################
12, 255
24, 255
31, 2
36, 36
36, 0
35, 255
34, 7
33, 0
32, 0
31, 0
30, 0
29, 0
28, 0
27, 0
26, 0
25, 0
24, 0
23, 0
22, 0
21, 0
20, 0
19, 0
18, 0
17, 0
16, 0
15, 1
14, 0
13, 0
12, 0
11, 0
10, 0
9, 0
8, 0
7, 0
6, 0
5, 2
4, 0
3, 0
2, 0
1, 208
## End #####################
## Start: 1 ####################
12, 255
24, 255
31, 2
36, 36
36, 0
35, 255
34, 7
33, 0
32, 0
31, 0
30, 0
29, 0
28, 0
27, 0
26, 0
25, 0
24, 0
23, 0
22, 0
21, 0
20, 0
19, 0
18, 0
17, 0
16, 0
15, 1
14, 0
13, 0
12, 0
11, 0
10, 0
9, 0
8, 0
7, 0
6, 0
5, 2
4, 0
3, 0
2, 0
1, 208
## End #####################
## Start: 2 ####################
13, 255
25, 255
32, 2
37, 36
36, 0
35, 255
34, 7
33, 0
32, 0
31, 0
30, 0
29, 0
28, 0
27, 0
26, 0
25, 0
24, 0
23, 0
22, 0
21, 0
20, 0
19, 0
18, 0
17, 0
16, 0
15, 1
14, 0
13, 0
12, 0
11, 0
10, 0
9, 0
8, 0
7, 0
6, 0
5, 2
4, 0
3, 0
2, 0
1, 208
## End #####################
## Start: 1 ####################
12, 255
24, 255
31, 2
36, 36
36, 0
35, 255
34, 7
33, 0
32, 0
31, 0
30, 0
29, 0
28, 0
27, 0
26, 0
25, 0
24, 0
23, 0
22, 0
21, 0
20, 0
19, 0
18, 0
17, 0
16, 0
15, 1
14, 0
13, 0
12, 0
11, 0
10, 0
9, 0
8, 0
7, 0
6, 0
5, 2
4, 0
3, 0
2, 0
1, 208
## End #####################
## Start: 1 ####################
13, 255
25, 255
31, 2
37, 36
36, 0
35, 255
34, 7
33, 0
32, 0
31, 0
30, 0
29, 0
28, 0
27, 0
26, 0
25, 0
24, 0
23, 0
22, 0
21, 0
20, 0
19, 0
18, 0
17, 0
16, 0
15, 1
14, 0
13, 0
12, 0
11, 0
10, 0
9, 0
8, 0
7, 0
6, 0
5, 2
4, 0
3, 0
2, 0
1, 208
## End #####################
## Start: 1 ####################
13, 255
24, 255
31, 2
36, 36
36, 0
35, 255
34, 7
33, 0
32, 0
31, 0
30, 0
29, 0
28, 0
27, 0
26, 0
25, 0
24, 0
23, 0
22, 0
21, 0
20, 0
19, 0
18, 0
17, 0
16, 0
15, 1
14, 0
13, 0
12, 0
11, 0
10, 0
9, 0
8, 0
7, 0
6, 0
5, 2
4, 0
3, 0
2, 0
1, 208
## End #####################
## Start: 2 ####################
13, 255
25, 255
32, 2
37, 36
36, 0
35, 255
34, 7
33, 0
32, 0
31, 0
30, 0
29, 0
28, 0
27, 0
26, 0
25, 0
24, 0
23, 0
22, 0
21, 0
20, 0
19, 0
18, 0
17, 0
16, 0
15, 1
14, 0
13, 0
12, 0
11, 0
10, 0
9, 0
8, 0
7, 0
6, 0
5, 2
4, 0
3, 0
2, 0
1, 208
## End #####################
## Start: 1 ####################
12, 255
24, 255
31, 2
36, 36
36, 0
35, 255
34, 7
33, 0
32, 0
31, 0
30, 0
29, 0
28, 0
27, 0
26, 0
25, 0
24, 0
23, 0
22, 0
21, 0
20, 0
19, 0
18, 0
17, 0
16, 0
15, 1
14, 0
13, 0
12, 0
11, 0
10, 0
9, 0
8, 0
7, 0
6, 0
5, 2
4, 0
3, 0
2, 0
1, 208
## End #####################
## Start: 1 ####################
13, 255
25, 255
32, 2
37, 36
36, 0
35, 255
34, 7
33, 0
32, 0
31, 0
30, 0
29, 0
28, 0
27, 0
26, 0
25, 0
24, 0
23, 0
22, 0
21, 0
20, 0
19, 0
18, 0
17, 0
16, 0
15, 1
14, 0
13, 0
12, 0
11, 0
10, 0
9, 0
8, 0
7, 0
6, 0
5, 2
4, 0
3, 0
2, 0
1, 208
## End #####################
## Start: 1 ####################
13, 255
25, 255
31, 2
36, 36
36, 0
35, 255
34, 7
33, 0
32, 0
31, 0
30, 0
29, 0
28, 0
27, 0
26, 0
25, 0
24, 0
23, 0
22, 0
21, 0
20, 0
19, 0
18, 0
17, 0
16, 0
15, 1
14, 0
13, 0
12, 0
11, 0
10, 0
9, 0
8, 0
7, 0
6, 0
5, 2
4, 0
3, 0
2, 0
1, 208
## End #####################
## Start: 1 ####################
13, 255
24, 255
31, 2
36, 36
36, 0
35, 255
34, 7
33, 0
32, 0
31, 0
30, 0
29, 0
28, 0
27, 0
26, 0
25, 0
24, 0
23, 0
22, 0
21, 0
20, 0
19, 0
18, 0
17, 0
16, 0
15, 1
14, 0
13, 0
12, 0
11, 0
10, 0
9, 0
8, 0
7, 0
6, 0
5, 2
4, 0
3, 0
2, 0
1, 208
## End #####################
## Start: 1 ####################
12, 255
24, 255
31, 2
36, 36
36, 0
35, 255
34, 7
33, 0
32, 0
31, 0
30, 0
29, 0
28, 0
27, 0
26, 0
25, 0
24, 0
23, 0
22, 0
21, 0
20, 0
19, 0
18, 0
17, 0
16, 0
15, 1
14, 0
13, 0
12, 0
11, 0
10, 0
9, 0
8, 0
7, 0
6, 0
5, 2
4, 0
3, 0
2, 0
1, 208
## End #####################
## Start: 1 ####################
12, 255
24, 255
31, 2
36, 36
36, 0
35, 255
34, 7
33, 0
32, 0
31, 0
30, 0
29, 0
28, 0
27, 0
26, 0
25, 0
24, 0
23, 0
22, 0
21, 0
20, 0
19, 0
18, 0
17, 0
16, 0
15, 1
14, 0
13, 0
12, 0
11, 0
10, 0
9, 0
8, 0
7, 0
6, 0
5, 2
4, 0
3, 0
2, 0
1, 208
## End #####################
## Start: 1 ####################
13, 255
25, 255
31, 2
37, 36
36, 0
35, 255
34, 7
33, 0
32, 0
31, 0
30, 0
29, 0
28, 0
27, 0
26, 0
25, 0
24, 0
23, 0
22, 0
21, 0
20, 0
19, 0
18, 0
17, 0
16, 0
15, 1
14, 0
13, 0
12, 0
11, 0
10, 0
9, 0
8, 0
7, 0
6, 0
5, 2
4, 0
3, 0
2, 0
1, 208
## End #####################
## Start: 1 ####################
13, 255
25, 255
31, 2
36, 36
36, 0
35, 255
34, 7
33, 0
32, 0
31, 0
30, 0
29, 0
28, 0
27, 0
26, 0
25, 0
24, 0
23, 0
22, 0
21, 0
20, 0
19, 0
18, 0
17, 0
16, 0
15, 1
14, 0
13, 0
12, 0
11, 0
10, 0
9, 0
8, 0
7, 0
6, 0
5, 2
4, 0
3, 0
2, 0
1, 208
## End #####################
## Start: 2 ####################
13, 255
25, 255
32, 2
37, 36
36, 0
35, 255
34, 7
33, 0
32, 0
31, 0
30, 0
29, 0
28, 0
27, 0
26, 0
25, 0
24, 0
23, 0
22, 0
21, 0
20, 0
19, 0
18, 0
17, 0
16, 0
15, 1
14, 0
13, 0
12, 0
11, 0
10, 0
9, 0
8, 0
7, 0
6, 0
5, 2
4, 0
3, 0
2, 0
1, 208
## End #####################
## Start: 1 ####################
12, 255
24, 255
31, 2
36, 36
36, 0
35, 255
34, 7
33, 0
32, 0
31, 0
30, 0
29, 0
28, 0
27, 0
26, 0
25, 0
24, 0
23, 0
22, 0
21, 0
20, 0
19, 0
18, 0
17, 0
16, 0
15, 1
14, 0
13, 0
12, 0
11, 0
10, 0
9, 0
8, 0
7, 0
6, 0
5, 2
4, 0
3, 0
2, 0
1, 208
## End #####################
## Start: 1 ####################
12, 255
24, 255
31, 2
36, 36
36, 0
35, 255
34, 7
33, 0
32, 0
31, 0
30, 0
29, 0
28, 0
27, 0
26, 0
25, 0
24, 0
23, 0
22, 0
21, 0
20, 0
19, 0
18, 0
17, 0
16, 0
15, 1
14, 0
13, 0
12, 0
11, 0
10, 0
9, 0
8, 0
7, 0
6, 0
5, 2
4, 0
3, 0
2, 0
1, 208
## End #####################
## Start: 0 ####################
12, 255
24, 255
31, 2
36, 36
36, 0
35, 255
34, 7
33, 0
32, 0
31, 0
30, 0
29, 0
28, 0
27, 0
26, 0
25, 0
24, 0
23, 0
22, 0
21, 0
20, 0
19, 0
18, 0
17, 0
16, 0
15, 1
14, 0
13, 0
12, 0
11, 0
10, 0
9, 0
8, 0
7, 0
6, 0
5, 2
4, 0
3, 0
2, 0
1, 208
## End #####################
## Start: 2 ####################
13, 255
24, 255
31, 2
36, 36
36, 0
35, 255
34, 7
33, 0
32, 0
31, 0
30, 0
29, 0
28, 0
27, 0
26, 0
25, 0
24, 0
23, 0
22, 0
21, 0
20, 0
19, 0
18, 0
17, 0
16, 0
15, 1
14, 0
13, 0
12, 0
11, 0
10, 0
9, 0
8, 0
7, 0
6, 0
5, 2
4, 0
3, 0
2, 0
1, 208
## End #####################
## Start: 1 ####################
12, 255
24, 255
31, 2
36, 36
36, 0
35, 255
34, 7
33, 0
32, 0
31, 0
30, 0
29, 0
28, 0
27, 0
26, 0
25, 0
24, 0
23, 0
22, 0
21, 0
20, 0
19, 0
18, 0
17, 0
16, 0
15, 1
14, 0
13, 0
12, 0
11, 0
10, 0
9, 0
8, 0
7, 0
6, 0
5, 2
4, 0
3, 0
2, 0
1, 208
## End #####################
## Start: 1 ####################
12, 255
24, 255
31, 2
36, 36
36, 0
35, 255
34, 7
33, 0
32, 0
31, 0
30, 0
29, 0
28, 0
27, 0
26, 0
25, 0
24, 0
23, 0
22, 0
21, 0
20, 0
19, 0
18, 0
17, 0
16, 0
15, 1
14, 0
13, 0
12, 0
11, 0
10, 0
9, 0
8, 0
7, 0
6, 0
5, 2
4, 0
3, 0
2, 0
1, 208
## End #####################
## Start: 1 ####################
13, 255
25, 255
32, 2
37, 36
36, 0
35, 255
34, 7
33, 0
32, 0
31, 0
30, 0
29, 0
28, 0
27, 0
26, 0
25, 0
24, 0
23, 0
22, 0
21, 0
20, 0
19, 0
18, 0
17, 0
16, 0
15, 1
14, 0
13, 0
12, 0
11, 0
10, 0
9, 0
8, 0
7, 0
6, 0
5, 2
4, 0
3, 0
2, 0
1, 208
## End #####################
## Start: 1 ####################
13, 255
25, 255
31, 2
36, 36
36, 0
35, 255
34, 7
33, 0
32, 0
31, 0
30, 0
29, 0
28, 0
27, 0
26, 0
25, 0
24, 0
23, 0
22, 0
21, 0
20, 0
19, 0
18, 0
17, 0
16, 0
15, 1
14, 0
13, 0
12, 0
11, 0
10, 0
9, 0
8, 0
7, 0
6, 0
5, 2
4, 0
3, 0
2, 0
1, 208
## End #####################
## Start: 1 ####################
12, 255
24, 255
31, 2
36, 36
36, 0
35, 255
34, 7
33, 0
32, 0
31, 0
30, 0
29, 0
28, 0
27, 0
26, 0
25, 0
24, 0
23, 0
22, 0
21, 0
20, 0
19, 0
18, 0
17, 0
16, 0
15, 1
14, 0
13, 0
12, 0
11, 0
10, 0
9, 0
8, 0
7, 0
6, 0
5, 2
4, 0
3, 0
2, 0
1, 208
## End #####################
## Start: 0 ####################
11, 255
23, 255
30, 2
35, 36
36, 0
35, 255
34, 7
33, 0
32, 0
31, 0
30, 0
29, 0
28, 0
27, 0
26, 0
25, 0
24, 0
23, 0
22, 0
21, 0
20, 0
19, 0
18, 0
17, 0
16, 0
15, 1
14, 0
13, 0
12, 0
11, 0
10, 0
9, 0
8, 0
7, 0
6, 0
5, 2
4, 0
3, 0
2, 0
1, 208
## End #####################
## Start: 2 ####################
13, 255
25, 255
32, 2
37, 36
36, 0
35, 255
34, 7
33, 0
32, 0
31, 0
30, 0
29, 0
28, 0
27, 0
26, 0
25, 0
24, 0
23, 0
22, 0
21, 0
20, 0
19, 0
18, 0
17, 0
16, 0
15, 1
14, 0
13, 0
12, 0
11, 0
10, 0
9, 0
8, 0
7, 0
6, 0
5, 2
4, 0
3, 0
2, 0
1, 208
## End #####################
## Start: 1 ####################
13, 255
25, 255
31, 2
37, 36
36, 0
35, 255
34, 7
33, 0
32, 0
31, 0
30, 0
29, 0
28, 0
27, 0
26, 0
25, 0
24, 0
23, 0
22, 0
21, 0
20, 0
19, 0
18, 0
17, 0
16, 0
15, 1
14, 0
13, 0
12, 0
11, 0
10, 0
9, 0
8, 0
7, 0
6, 0
5, 2
4, 0
3, 0
2, 0
1, 208
## End #####################
## Start: 1 ####################
13, 255
24, 255
31, 2
36, 36
36, 0
35, 255
34, 7
33, 0
32, 0
31, 0
30, 0
29, 0
28, 0
27, 0
26, 0
25, 0
24, 0
23, 0
22, 0
21, 0
20, 0
19, 0
18, 0
17, 0
16, 0
15, 1
14, 0
13, 0
12, 0
11, 0
10, 0
9, 0
8, 0
7, 0
6, 0
5, 2
4, 0
3, 0
2, 0
1, 208
## End #####################
## Start: 2 ####################
13, 255
25, 255
32, 2
37, 36
36, 0
35, 255
34, 7
33, 0
32, 0
31, 0
30, 0
29, 0
28, 0
27, 0
26, 0
25, 0
24, 0
23, 0
22, 0
21, 0
20, 0
19, 0
18, 0
17, 0
16, 0
15, 1
14, 0
13, 0
12, 0
11, 0
10, 0
9, 0
8, 0
7, 0
6, 0
5, 2
4, 0
3, 0
2, 0
1, 208
## End #####################
## Start: 1 ####################
12, 255
24, 255
31, 2
36, 36
36, 0
35, 255
34, 7
33, 0
32, 0
31, 0
30, 0
29, 0
28, 0
27, 0
26, 0
25, 0
24, 0
23, 0
22, 0
21, 0
20, 0
19, 0
18, 0
17, 0
16, 0
15, 1
14, 0
13, 0
12, 0
11, 0
10, 0
9, 0
8, 0
7, 0
6, 0
5, 2
4, 0
3, 0
2, 0
1, 208
## End #####################
## Start: 1 ####################
13, 255
25, 255
32, 2
37, 36
36, 0
35, 255
34, 7
33, 0
32, 0
31, 0
30, 0
29, 0
28, 0
27, 0
26, 0
25, 0
24, 0
23, 0
22, 0
21, 0
20, 0
19, 0
18, 0
17, 0
16, 0
15, 1
14, 0
13, 0
12, 0
11, 0
10, 0
9, 0
8, 0
7, 0
6, 0
5, 2
4, 0
3, 0
2, 0
1, 208
## End #####################
## Start: 0 ####################
12, 255
24, 255
30, 2
36, 36
36, 0
35, 255
34, 7
33, 0
32, 0
31, 0
30, 0
29, 0
28, 0
27, 0
26, 0
25, 0
24, 0
23, 0
22, 0
21, 0
20, 0
19, 0
18, 0
17, 0
16, 0
15, 1
14, 0
13, 0
12, 0
11, 0
10, 0
9, 0
8, 0
7, 0
6, 0
5, 2
4, 0
3, 0
2, 0
1, 208
## End #####################
## Start: 2 ####################
13, 255
24, 255
31, 2
36, 36
36, 0
35, 255
34, 7
33, 0
32, 0
31, 0
30, 0
29, 0
28, 0
27, 0
26, 0
25, 0
24, 0
23, 0
22, 0
21, 0
20, 0
19, 0
18, 0
17, 0
16, 0
15, 1
14, 0
13, 0
12, 0
11, 0
10, 0
9, 0
8, 0
7, 0
6, 0
5, 2
4, 0
3, 0
2, 0
1, 208
## End #####################
## Start: 1 ####################
12, 255
24, 255
31, 2
36, 36
36, 0
35, 255
34, 7
33, 0
32, 0
31, 0
30, 0
29, 0
28, 0
27, 0
26, 0
25, 0
24, 0
23, 0
22, 0
21, 0
20, 0
19, 0
18, 0
17, 0
16, 0
15, 1
14, 0
13, 0
12, 0
11, 0
10, 0
9, 0
8, 0
7, 0
6, 0
5, 2
4, 0
3, 0
2, 0
1, 208
## End #####################
## Start: 1 ####################
13, 255
25, 255
32, 2
37, 36
36, 0
35, 255
34, 7
33, 0
32, 0
31, 0
30, 0
29, 0
28, 0
27, 0
26, 0
25, 0
24, 0
23, 0
22, 0
21, 0
20, 0
19, 0
18, 0
17, 0
16, 0
15, 1
14, 0
13, 0
12, 0
11, 0
10, 0
9, 0
8, 0
7, 0
6, 0
5, 2
4, 0
3, 0
2, 0
1, 208
## End #####################
## Start: 1 ####################
13, 255
25, 255
31, 2
37, 36
36, 0
35, 255
34, 7
33, 0
32, 0
31, 0
30, 0
29, 0
28, 0
27, 0
26, 0
25, 0
24, 0
23, 0
22, 0
21, 0
20, 0
19, 0
18, 0
17, 0
16, 0
15, 1
14, 0
13, 0
12, 0
11, 0
10, 0
9, 0
8, 0
7, 0
6, 0
5, 2
4, 0
3, 0
2, 0
1, 208
## End #####################
## Start: 1 ####################
13, 255
25, 255
31, 2
37, 36
36, 0
35, 255
34, 7
33, 0
32, 0
31, 0
30, 0
29, 0
28, 0
27, 0
26, 0
25, 0
24, 0
23, 0
22, 0
21, 0
20, 0
19, 0
18, 0
17, 0
16, 0
15, 1
14, 0
13, 0
12, 0
11, 0
10, 0
9, 0
8, 0
7, 0
6, 0
5, 2
4, 0
3, 0
2, 0
1, 208
## End #####################
## Start: 1 ####################
12, 255
24, 255
31, 2
36, 36
36, 0
35, 255
34, 7
33, 0
32, 0
31, 0
30, 0
29, 0
28, 0
27, 0
26, 0
25, 0
24, 0
23, 0
22, 0
21, 0
20, 0
19, 0
18, 0
17, 0
16, 0
15, 1
14, 0
13, 0
12, 0
11, 0
10, 0
9, 0
8, 0
7, 0
6, 0
5, 2
4, 0
3, 0
2, 0
1, 208
## End #####################
## Start: 1 ####################
12, 255
24, 255
31, 2
36, 36
36, 0
35, 255
34, 7
33, 0
32, 0
31, 0
30, 0
29, 0
28, 0
27, 0
26, 0
25, 0
24, 0
23, 0
22, 0
21, 0
20, 0
19, 0
18, 0
17, 0
16, 0
15, 1
14, 0
13, 0
12, 0
11, 0
10, 0
9, 0
8, 0
7, 0
6, 0
5, 2
4, 0
3, 0
2, 0
1, 208
## End #####################
## Start: 1 ####################
12, 255
24, 255
31, 2
36, 36
36, 0
35, 255
34, 7
33, 0
32, 0
31, 0
30, 0
29, 0
28, 0
27, 0
26, 0
25, 0
24, 0
23, 0
22, 0
21, 0
20, 0
19, 0
18, 0
17, 0
16, 0
15, 1
14, 0
13, 0
12, 0
11, 0
10, 0
9, 0
8, 0
7, 0
6, 0
5, 2
4, 0
3, 0
2, 0
1, 208
## End #####################
## Start: 1 ####################
12, 255
24, 255
31, 2
36, 36
36, 0
35, 255
34, 7
33, 0
32, 0
31, 0
30, 0
29, 0
28, 0
27, 0
26, 0
25, 0
24, 0
23, 0
22, 0
21, 0
20, 0
19, 0
18, 0
17, 0
16, 0
15, 1
14, 0
13, 0
12, 0
11, 0
10, 0
9, 0
8, 0
7, 0
6, 0
5, 2
4, 0
3, 0
2, 0
1, 208
## End #####################
## Start: 1 ####################
13, 255
25, 255
31, 2
37, 36
36, 0
35, 255
34, 7
33, 0
32, 0
31, 0
30, 0
29, 0
28, 0
27, 0
26, 0
25, 0
24, 0
23, 0
22, 0
21, 0
20, 0
19, 0
18, 0
17, 0
16, 0
15, 1
14, 0
13, 0
12, 0
11, 0
10, 0
9, 0
8, 0
7, 0
6, 0
5, 2
4, 0
3, 0
2, 0
1, 208
## End #####################
## Start: 1 ####################
12, 255
24, 255
31, 2
36, 36
36, 0
35, 255
34, 7
33, 0
32, 0
31, 0
30, 0
29, 0
28, 0
27, 0
26, 0
25, 0
24, 0
23, 0
22, 0
21, 0
20, 0
19, 0
18, 0
17, 0
16, 0
15, 1
14, 0
13, 0
12, 0
11, 0
10, 0
9, 0
8, 0
7, 0
6, 0
5, 2
4, 0
3, 0
2, 0
1, 208
## End #####################
## Start: 1 ####################
12, 255
24, 255
31, 2
36, 36
36, 0
35, 255
34, 7
33, 0
32, 0
31, 0
30, 0
29, 0
28, 0
27, 0
26, 0
25, 0
24, 0
23, 0
22, 0
21, 0
20, 0
19, 0
18, 0
17, 0
16, 0
15, 1
14, 0
13, 0
12, 0
11, 0
10, 0
9, 0
8, 0
7, 0
6, 0
5, 2
4, 0
3, 0
2, 0
1, 208
## End #####################
## Start: 2 ####################
13, 255
25, 255
32, 2
37, 36
36, 0
35, 255
34, 7
33, 0
32, 0
31, 0
30, 0
29, 0
28, 0
27, 0
26, 0
25, 0
24, 0
23, 0
22, 0
21, 0
20, 0
19, 0
18, 0
17, 0
16, 0
15, 1
14, 0
13, 0
12, 0
11, 0
10, 0
9, 0
8, 0
7, 0
6, 0
5, 2
4, 0
3, 0
2, 0
1, 208
## End #####################
## Start: 1 ####################
13, 255
25, 255
32, 2
37, 36
36, 0
35, 255
34, 7
33, 0
32, 0
31, 0
30, 0
29, 0
28, 0
27, 0
26, 0
25, 0
24, 0
23, 0
22, 0
21, 0
20, 0
19, 0
18, 0
17, 0
16, 0
15, 1
14, 0
13, 0
12, 0
11, 0
10, 0
9, 0
8, 0
7, 0
6, 0
5, 2
4, 0
3, 0
2, 0
1, 208
## End #####################
## Start: 1 ####################
13, 255
24, 255
31, 2
37, 36
36, 0
35, 255
34, 7
33, 0
32, 0
31, 0
30, 0
29, 0
28, 0
27, 0
26, 0
25, 0
24, 0
23, 0
22, 0
21, 0
20, 0
19, 0
18, 0
17, 0
16, 0
15, 1
14, 0
13, 0
12, 0
11, 0
10, 0
9, 0
8, 0
7, 0
6, 0
5, 2
4, 0
3, 0
2, 0
1, 208
## End #####################
## Start: 1 ####################
12, 255
24, 255
31, 2
36, 36
36, 0
35, 255
34, 7
33, 0
32, 0
31, 0
30, 0
29, 0
28, 0
27, 0
26, 0
25, 0
24, 0
23, 0
22, 0
21, 0
20, 0
19, 0
18, 0
17, 0
16, 0
15, 1
14, 0
13, 0
12, 0
11, 0
10, 0
9, 0
8, 0
7, 0
6, 0
5, 2
4, 0
3, 0
2, 0
1, 208
## End #####################
## Start: 2 ####################
13, 255
25, 255
32, 2
37, 36
36, 0
35, 255
34, 7
33, 0
32, 0
31, 0
30, 0
29, 0
28, 0
27, 0
26, 0
25, 0
24, 0
23, 0
22, 0
21, 0
20, 0
19, 0
18, 0
17, 0
16, 0
15, 1
14, 0
13, 0
12, 0
11, 0
10, 0
9, 0
8, 0
7, 0
6, 0
5, 2
4, 0
3, 0
2, 0
1, 208
## End #####################
## Start: 1 ####################
12, 255
24, 255
30, 2
36, 36
36, 0
35, 255
34, 7
33, 0
32, 0
31, 0
30, 0
29, 0
28, 0
27, 0
26, 0
25, 0
24, 0
23, 0
22, 0
21, 0
20, 0
19, 0
18, 0
17, 0
16, 0
15, 1
14, 0
13, 0
12, 0
11, 0
10, 0
9, 0
8, 0
7, 0
6, 0
5, 2
4, 0
3, 0
2, 0
1, 208
## End #####################
## Start: 1 ####################
13, 255
25, 255
31, 2
37, 36
36, 0
35, 255
34, 7
33, 0
32, 0
31, 0
30, 0
29, 0
28, 0
27, 0
26, 0
25, 0
24, 0
23, 0
22, 0
21, 0
20, 0
19, 0
18, 0
17, 0
16, 0
15, 1
14, 0
13, 0
12, 0
11, 0
10, 0
9, 0
8, 0
7, 0
6, 0
5, 2
4, 0
3, 0
2, 0
1, 208
## End #####################
## Start: 1 ####################
13, 255
25, 255
31, 2
36, 36
36, 0
35, 255
34, 7
33, 0
32, 0
31, 0
30, 0
29, 0
28, 0
27, 0
26, 0
25, 0
24, 0
23, 0
22, 0
21, 0
20, 0
19, 0
18, 0
17, 0
16, 0
15, 1
14, 0
13, 0
12, 0
11, 0
10, 0
9, 0
8, 0
7, 0
6, 0
5, 2
4, 0
3, 0
2, 0
1, 208
## End #####################
## Start: 1 ####################
12, 255
24, 255
31, 2
36, 36
36, 0
35, 255
34, 7
33, 0
32, 0
31, 0
30, 0
29, 0
28, 0
27, 0
26, 0
25, 0
24, 0
23, 0
22, 0
21, 0
20, 0
19, 0
18, 0
17, 0
16, 0
15, 1
14, 0
13, 0
12, 0
11, 0
10, 0
9, 0
8, 0
7, 0
6, 0
5, 2
4, 0
3, 0
2, 0
1, 208
## End #####################
## Start: 1 ####################
12, 255
24, 255
31, 2
36, 36
36, 0
35, 255
34, 7
33, 0
32, 0
31, 0
30, 0
29, 0
28, 0
27, 0
26, 0
25, 0
24, 0
23, 0
22, 0
21, 0
20, 0
19, 0
18, 0
17, 0
16, 0
15, 1
14, 0
13, 0
12, 0
11, 0
10, 0
9, 0
8, 0
7, 0
6, 0
5, 2
4, 0
3, 0
2, 0
1, 208
## End ########